
Showing logs for build [32mcb-kubecd-environment-pr-240-11-5fxr9-1[0m stage [32mfrom-build-pack[0m and container [32mstep-credential-initializer-db65m[0m
{"level":"info","ts":1592794259.2705836,"logger":"fallback-logger","caller":"logging/config.go:69","msg":"Fetch GitHub commit ID from kodata failed: open /var/run/ko/refs/heads/0.8.0-ns-support: no such file or directory"}
{"level":"info","ts":1592794259.2708793,"logger":"fallback-logger","caller":"creds-init/main.go:40","msg":"Credentials initialized."}

Showing logs for build [32mcb-kubecd-environment-pr-240-11-5fxr9-1[0m stage [32mfrom-build-pack[0m and container [32mstep-working-dir-initializer-77chx[0m
{"level":"info","ts":1592794260.2286432,"logger":"fallback-logger","caller":"logging/config.go:69","msg":"Fetch GitHub commit ID from kodata failed: open /var/run/ko/HEAD: no such file or directory"}
{"level":"info","ts":1592794260.2294688,"logger":"fallback-logger","caller":"bash/main.go:64","msg":"Successfully executed command \"sh -c mkdir -p /workspace/source\"; output "}

Showing logs for build [32mcb-kubecd-environment-pr-240-11-5fxr9-1[0m stage [32mfrom-build-pack[0m and container [32mstep-place-tools[0m

Showing logs for build [32mcb-kubecd-environment-pr-240-11-5fxr9-1[0m stage [32mfrom-build-pack[0m and container [32mstep-git-source-cb-kubecd-environment-pr-240-11-5fxr9-kv8d7[0m
{"level":"info","ts":1592794263.2932642,"logger":"fallback-logger","caller":"logging/config.go:69","msg":"Fetch GitHub commit ID from kodata failed: open /var/run/ko/refs/heads/0.8.0-ns-support: no such file or directory"}
{"level":"info","ts":1592794263.7068808,"logger":"fallback-logger","caller":"git/git.go:103","msg":"Successfully cloned https://github.com/cb-kubecd/environment-pr-240-11-boot-eks-staging.git @ master in path /workspace/source"}

Showing logs for build [32mcb-kubecd-environment-pr-240-11-5fxr9-1[0m stage [32mfrom-build-pack[0m and container [32mstep-git-merge[0m
Using SHAs from PULL_REFS=master:a4afdff0f674d86d60debeb0955fe33494e8853d,1:d9b356e244824e4288486a8e2dc738820c1e55a9
DEBUG: LC_ALL=C JX_LOG_LEVEL=error git fetch origin --unshallow d9b356e244824e4288486a8e2dc738820c1e55a9: a4afdff0f674d86d60debeb0955fe33494e8853d:
DEBUG: ran git fetch --unshallow origin d9b356e244824e4288486a8e2dc738820c1e55a9: a4afdff0f674d86d60debeb0955fe33494e8853d: in 
DEBUG: LC_ALL=C JX_LOG_LEVEL=error git branch
DEBUG: LC_ALL=C JX_LOG_LEVEL=error git checkout master
DEBUG: ran git checkout master in 
DEBUG: LC_ALL=C JX_LOG_LEVEL=error git reset --hard a4afdff0f674d86d60debeb0955fe33494e8853d
DEBUG: ran git reset --hard a4afdff0f674d86d60debeb0955fe33494e8853d in 
DEBUG: LC_ALL=C JX_LOG_LEVEL=error git clean -fd .
DEBUG: ran clean --force -d . in 
DEBUG: LC_ALL=C JX_LOG_LEVEL=error git merge d9b356e244824e4288486a8e2dc738820c1e55a9
DEBUG: ran git merge d9b356e244824e4288486a8e2dc738820c1e55a9 in 
DEBUG: LC_ALL=C JX_LOG_LEVEL=error git log --format=%H%x1f%an%x1f%ae%x1f%cn%x1f%ce%x1f%s%n%b%x1e a4afdff0f674d86d60debeb0955fe33494e8853d..HEAD
Merged SHA d9b356e244824e4288486a8e2dc738820c1e55a9 with commit message 'chore: Promote bdd-spring-1592793679 to version 0.0.1' into base branch master

Showing logs for build [32mcb-kubecd-environment-pr-240-11-5fxr9-1[0m stage [32mfrom-build-pack[0m and container [32mstep-build-helm-build[0m
WARNING: No $CHART_REPOSITORY defined so using the default value of: http://jenkins-x-chartmuseum:8080
Adding missing Helm repo: storage.googleapis.com https://storage.googleapis.com/chartmuseum.jenkins-x.io
WARNING: No secrets found on "helm/repos" due: reading the secret "helm/repos" from vault: no secret "helm/repos" not found in vault
Read credentials for https://storage.googleapis.com/chartmuseum.jenkins-x.io from vault helm/repos
Successfully added Helm repository storage.googleapis.com.
Adding missing Helm repo: jenkins-x-chartmuseum http://jenkins-x-chartmuseum:8080
WARNING: No secrets found on "helm/repos" due: reading the secret "helm/repos" from vault: no secret "helm/repos" not found in vault
Read credentials for http://jenkins-x-chartmuseum:8080 from vault helm/repos
Successfully added Helm repository jenkins-x-chartmuseum.
WARNING: No $CHART_REPOSITORY defined so using the default value of: http://jenkins-x-chartmuseum:8080
Adding missing Helm repo: chartmuseum.jenkins-x.io http://chartmuseum.jenkins-x.io
WARNING: No secrets found on "helm/repos" due: reading the secret "helm/repos" from vault: no secret "helm/repos" not found in vault
Read credentials for http://chartmuseum.jenkins-x.io from vault helm/repos
Successfully added Helm repository chartmuseum.jenkins-x.io.
