
Showing logs for build [32mcb-kubecd-environment-pr-240-11-wc6s7-1[0m stage [32mfrom-build-pack[0m and container [32mstep-credential-initializer-dxl4d[0m
{"level":"info","ts":1592796099.111879,"logger":"fallback-logger","caller":"logging/config.go:69","msg":"Fetch GitHub commit ID from kodata failed: open /var/run/ko/refs/heads/0.8.0-ns-support: no such file or directory"}
{"level":"info","ts":1592796099.1121264,"logger":"fallback-logger","caller":"creds-init/main.go:40","msg":"Credentials initialized."}

Showing logs for build [32mcb-kubecd-environment-pr-240-11-wc6s7-1[0m stage [32mfrom-build-pack[0m and container [32mstep-working-dir-initializer-mzvsz[0m
{"level":"info","ts":1592796100.0955722,"logger":"fallback-logger","caller":"logging/config.go:69","msg":"Fetch GitHub commit ID from kodata failed: open /var/run/ko/HEAD: no such file or directory"}
{"level":"info","ts":1592796100.0964239,"logger":"fallback-logger","caller":"bash/main.go:64","msg":"Successfully executed command \"sh -c mkdir -p /workspace/source\"; output "}

Showing logs for build [32mcb-kubecd-environment-pr-240-11-wc6s7-1[0m stage [32mfrom-build-pack[0m and container [32mstep-place-tools[0m

Showing logs for build [32mcb-kubecd-environment-pr-240-11-wc6s7-1[0m stage [32mfrom-build-pack[0m and container [32mstep-git-source-cb-kubecd-environment-pr-240-11-wc6s7-8g5xc[0m
{"level":"info","ts":1592796104.1822379,"logger":"fallback-logger","caller":"logging/config.go:69","msg":"Fetch GitHub commit ID from kodata failed: open /var/run/ko/refs/heads/0.8.0-ns-support: no such file or directory"}
{"level":"info","ts":1592796104.382065,"logger":"fallback-logger","caller":"git/git.go:103","msg":"Successfully cloned https://github.com/cb-kubecd/environment-pr-240-11-boot-eks-staging.git @ master in path /workspace/source"}

Showing logs for build [32mcb-kubecd-environment-pr-240-11-wc6s7-1[0m stage [32mfrom-build-pack[0m and container [32mstep-git-merge[0m
Using SHAs from PULL_REFS=master:f470a5b1f3f55dcd824b996b1d4a23913ad685e1,2:66b0fbdd3919339e8c97b11e015261647e717767
DEBUG: LC_ALL=C JX_LOG_LEVEL=error git fetch origin --unshallow 66b0fbdd3919339e8c97b11e015261647e717767: f470a5b1f3f55dcd824b996b1d4a23913ad685e1:
DEBUG: ran git fetch --unshallow origin 66b0fbdd3919339e8c97b11e015261647e717767: f470a5b1f3f55dcd824b996b1d4a23913ad685e1: in 
DEBUG: JX_LOG_LEVEL=error LC_ALL=C git branch
DEBUG: LC_ALL=C JX_LOG_LEVEL=error git checkout master
DEBUG: ran git checkout master in 
DEBUG: LC_ALL=C JX_LOG_LEVEL=error git reset --hard f470a5b1f3f55dcd824b996b1d4a23913ad685e1
DEBUG: ran git reset --hard f470a5b1f3f55dcd824b996b1d4a23913ad685e1 in 
DEBUG: LC_ALL=C JX_LOG_LEVEL=error git clean -fd .
DEBUG: ran clean --force -d . in 
DEBUG: LC_ALL=C JX_LOG_LEVEL=error git merge 66b0fbdd3919339e8c97b11e015261647e717767
DEBUG: ran git merge 66b0fbdd3919339e8c97b11e015261647e717767 in 
DEBUG: LC_ALL=C JX_LOG_LEVEL=error git log --format=%H%x1f%an%x1f%ae%x1f%cn%x1f%ce%x1f%s%n%b%x1e f470a5b1f3f55dcd824b996b1d4a23913ad685e1..HEAD
Merged SHA 66b0fbdd3919339e8c97b11e015261647e717767 with commit message 'chore: Promote bdd-gh-1592795585 to version 0.0.1' into base branch master

Showing logs for build [32mcb-kubecd-environment-pr-240-11-wc6s7-1[0m stage [32mfrom-build-pack[0m and container [32mstep-build-helm-build[0m
WARNING: No $CHART_REPOSITORY defined so using the default value of: http://jenkins-x-chartmuseum:8080
Adding missing Helm repo: storage.googleapis.com https://storage.googleapis.com/chartmuseum.jenkins-x.io
WARNING: No secrets found on "helm/repos" due: reading the secret "helm/repos" from vault: no secret "helm/repos" not found in vault
Read credentials for https://storage.googleapis.com/chartmuseum.jenkins-x.io from vault helm/repos
Successfully added Helm repository storage.googleapis.com.
Adding missing Helm repo: jenkins-x-chartmuseum http://jenkins-x-chartmuseum:8080
WARNING: No secrets found on "helm/repos" due: reading the secret "helm/repos" from vault: no secret "helm/repos" not found in vault
Read credentials for http://jenkins-x-chartmuseum:8080 from vault helm/repos
Successfully added Helm repository jenkins-x-chartmuseum.
WARNING: No $CHART_REPOSITORY defined so using the default value of: http://jenkins-x-chartmuseum:8080
Adding missing Helm repo: chartmuseum.jenkins-x.io http://chartmuseum.jenkins-x.io
WARNING: No secrets found on "helm/repos" due: reading the secret "helm/repos" from vault: no secret "helm/repos" not found in vault
Read credentials for http://chartmuseum.jenkins-x.io from vault helm/repos
Successfully added Helm repository chartmuseum.jenkins-x.io.
