
Showing logs for build [32mcb-kubecd-environment-pr-240-11-xmz4f-1[0m stage [32mfrom-build-pack[0m and container [32mstep-credential-initializer-lf67g[0m
{"level":"info","ts":1592798550.3676531,"logger":"fallback-logger","caller":"logging/config.go:69","msg":"Fetch GitHub commit ID from kodata failed: open /var/run/ko/refs/heads/0.8.0-ns-support: no such file or directory"}
{"level":"info","ts":1592798550.368059,"logger":"fallback-logger","caller":"creds-init/main.go:40","msg":"Credentials initialized."}

Showing logs for build [32mcb-kubecd-environment-pr-240-11-xmz4f-1[0m stage [32mfrom-build-pack[0m and container [32mstep-working-dir-initializer-tf884[0m
{"level":"info","ts":1592798551.352106,"logger":"fallback-logger","caller":"logging/config.go:69","msg":"Fetch GitHub commit ID from kodata failed: open /var/run/ko/HEAD: no such file or directory"}
{"level":"info","ts":1592798551.35295,"logger":"fallback-logger","caller":"bash/main.go:64","msg":"Successfully executed command \"sh -c mkdir -p /workspace/source\"; output "}

Showing logs for build [32mcb-kubecd-environment-pr-240-11-xmz4f-1[0m stage [32mfrom-build-pack[0m and container [32mstep-place-tools[0m

Showing logs for build [32mcb-kubecd-environment-pr-240-11-xmz4f-1[0m stage [32mfrom-build-pack[0m and container [32mstep-git-source-cb-kubecd-environment-pr-240-11-xmz4f-jkzwt[0m
{"level":"info","ts":1592798556.4609528,"logger":"fallback-logger","caller":"logging/config.go:69","msg":"Fetch GitHub commit ID from kodata failed: open /var/run/ko/refs/heads/0.8.0-ns-support: no such file or directory"}
{"level":"info","ts":1592798556.6920142,"logger":"fallback-logger","caller":"git/git.go:103","msg":"Successfully cloned https://github.com/cb-kubecd/environment-pr-240-11-boot-eks-staging.git @ master in path /workspace/source"}

Showing logs for build [32mcb-kubecd-environment-pr-240-11-xmz4f-1[0m stage [32mfrom-build-pack[0m and container [32mstep-git-merge[0m
Using SHAs from PULL_REFS=master:697e26ea3a4f5d97fd798879d1fc4b918572f4dc,3:ffc5f464e25b665749cfc014aef2ac3d839c0a8e
DEBUG: LC_ALL=C JX_LOG_LEVEL=error git fetch origin --unshallow ffc5f464e25b665749cfc014aef2ac3d839c0a8e: 697e26ea3a4f5d97fd798879d1fc4b918572f4dc:
DEBUG: ran git fetch --unshallow origin ffc5f464e25b665749cfc014aef2ac3d839c0a8e: 697e26ea3a4f5d97fd798879d1fc4b918572f4dc: in 
DEBUG: LC_ALL=C JX_LOG_LEVEL=error git branch
DEBUG: LC_ALL=C JX_LOG_LEVEL=error git checkout master
DEBUG: ran git checkout master in 
DEBUG: LC_ALL=C JX_LOG_LEVEL=error git reset --hard 697e26ea3a4f5d97fd798879d1fc4b918572f4dc
DEBUG: ran git reset --hard 697e26ea3a4f5d97fd798879d1fc4b918572f4dc in 
DEBUG: JX_LOG_LEVEL=error LC_ALL=C git clean -fd .
DEBUG: ran clean --force -d . in 
DEBUG: LC_ALL=C JX_LOG_LEVEL=error git merge ffc5f464e25b665749cfc014aef2ac3d839c0a8e
DEBUG: ran git merge ffc5f464e25b665749cfc014aef2ac3d839c0a8e in 
DEBUG: LC_ALL=C JX_LOG_LEVEL=error git log --format=%H%x1f%an%x1f%ae%x1f%cn%x1f%ce%x1f%s%n%b%x1e 697e26ea3a4f5d97fd798879d1fc4b918572f4dc..HEAD
Merged SHA ffc5f464e25b665749cfc014aef2ac3d839c0a8e with commit message 'chore: Promote bdd-nh-1592795585 to version 0.0.1' into base branch master

Showing logs for build [32mcb-kubecd-environment-pr-240-11-xmz4f-1[0m stage [32mfrom-build-pack[0m and container [32mstep-build-helm-build[0m
WARNING: No $CHART_REPOSITORY defined so using the default value of: http://jenkins-x-chartmuseum:8080
Adding missing Helm repo: storage.googleapis.com https://storage.googleapis.com/chartmuseum.jenkins-x.io
WARNING: No secrets found on "helm/repos" due: reading the secret "helm/repos" from vault: no secret "helm/repos" not found in vault
Read credentials for https://storage.googleapis.com/chartmuseum.jenkins-x.io from vault helm/repos
Successfully added Helm repository storage.googleapis.com.
Adding missing Helm repo: jenkins-x-chartmuseum http://jenkins-x-chartmuseum:8080
WARNING: No secrets found on "helm/repos" due: reading the secret "helm/repos" from vault: no secret "helm/repos" not found in vault
Read credentials for http://jenkins-x-chartmuseum:8080 from vault helm/repos
Successfully added Helm repository jenkins-x-chartmuseum.
WARNING: No $CHART_REPOSITORY defined so using the default value of: http://jenkins-x-chartmuseum:8080
Adding missing Helm repo: chartmuseum.jenkins-x.io http://chartmuseum.jenkins-x.io
WARNING: No secrets found on "helm/repos" due: reading the secret "helm/repos" from vault: no secret "helm/repos" not found in vault
Read credentials for http://chartmuseum.jenkins-x.io from vault helm/repos
Successfully added Helm repository chartmuseum.jenkins-x.io.
